<?xml version="1.0" encoding="UTF-8"?>
<!-- Generated by org.testng.reporters.JUnitReportReporter -->
<testsuite skipped="0" hostname="DESKTOP-QMNBB7D" name="com.training.sanity.tests.LoginTests" tests="3" failures="0" timestamp="07 May 2020 05:05:37 GMT" time="3.567" errors="0">
  <testcase name="verifyLoginbtn" time="1.963" classname="com.training.sanity.tests.LoginTests"/>
  <testcase name="verifyCatalog" time="0.937" classname="com.training.sanity.tests.LoginTests"/>
  <testcase name="verifyClickingofCatagory" time="0.667" classname="com.training.sanity.tests.LoginTests"/>
</testsuite> <!-- com.training.sanity.tests.LoginTests -->
