<?xml version="1.0" encoding="UTF-8"?>
<!-- Generated by org.testng.reporters.JUnitReportReporter -->
<testsuite skipped="1" hostname="DESKTOP-QMNBB7D" name="com.training.sanity.tests.AddCatagProductXLtest" tests="3" failures="0" timestamp="21 May 2020 01:20:29 GMT" time="7.276" errors="0">
  <testcase name="verifyAddMultipleProdNegative" time="3.082" classname="com.training.sanity.tests.AddCatagProductXLtest"/>
  <testcase name="verifyAddMultipleProdNegative" time="4.194" classname="com.training.sanity.tests.AddCatagProductXLtest"/>
  <testcase name="verifyAddMultipleProd" classname="com.training.sanity.tests.AddCatagProductXLtest">
    <skipped/>
  </testcase> <!-- verifyAddMultipleProd -->
</testsuite> <!-- com.training.sanity.tests.AddCatagProductXLtest -->
