<?xml version="1.0" encoding="UTF-8"?>
<!-- Generated by org.testng.reporters.JUnitReportReporter -->
<testsuite skipped="0" hostname="DESKTOP-QMNBB7D" name="com.training.regression.tests.LoginDBTest" tests="2" failures="0" timestamp="20 May 2020 22:43:17 GMT" time="5.423" errors="0">
  <testcase name="loginDBTest" time="2.544" classname="com.training.regression.tests.LoginDBTest"/>
  <testcase name="loginDBTest" time="2.879" classname="com.training.regression.tests.LoginDBTest"/>
</testsuite> <!-- com.training.regression.tests.LoginDBTest -->
